TN:
SF:src/confirmation.ts
FN:9,(anonymous_0)
FN:15,(anonymous_1)
FN:27,(anonymous_2)
FN:32,(anonymous_3)
FN:38,(anonymous_4)
FN:48,(anonymous_5)
FN:59,(anonymous_6)
FN:66,(anonymous_7)
FN:88,(anonymous_8)
FN:136,(anonymous_9)
FN:139,(anonymous_10)
FN:143,(anonymous_11)
FN:146,(anonymous_12)
FNF:13
FNH:0
FNDA:0,(anonymous_0)
FNDA:0,(anonymous_1)
FNDA:0,(anonymous_2)
FNDA:0,(anonymous_3)
FNDA:0,(anonymous_4)
FNDA:0,(anonymous_5)
FNDA:0,(anonymous_6)
FNDA:0,(anonymous_7)
FNDA:0,(anonymous_8)
FNDA:0,(anonymous_9)
FNDA:0,(anonymous_10)
FNDA:0,(anonymous_11)
FNDA:0,(anonymous_12)
DA:15,0
DA:16,0
DA:17,0
DA:20,0
DA:23,0
DA:27,0
DA:28,0
DA:29,0
DA:32,0
DA:33,0
DA:34,0
DA:38,0
DA:39,0
DA:40,0
DA:41,0
DA:42,0
DA:45,0
DA:48,0
DA:49,0
DA:50,0
DA:51,0
DA:55,0
DA:56,0
DA:59,0
DA:67,0
DA:68,0
DA:69,0
DA:82,0
DA:94,0
DA:95,0
DA:96,0
DA:106,0
DA:131,0
DA:134,0
DA:136,0
DA:137,0
DA:139,0
DA:140,0
DA:143,0
DA:144,0
DA:146,0
DA:147,0
DA:150,0
LF:43
LH:0
BRDA:12,0,0,0
BRDA:13,1,0,0
BRDA:39,2,0,0
BRDA:49,3,0,0
BRF:4
BRH:0
end_of_record
TN:
SF:src/fileHandler.ts
FN:12,(anonymous_0)
FN:37,(anonymous_1)
FN:59,(anonymous_2)
FN:61,(anonymous_3)
FN:78,(anonymous_4)
FN:86,(anonymous_5)
FN:101,(anonymous_6)
FN:144,(anonymous_7)
FNF:8
FNH:0
FNDA:0,(anonymous_0)
FNDA:0,(anonymous_1)
FNDA:0,(anonymous_2)
FNDA:0,(anonymous_3)
FNDA:0,(anonymous_4)
FNDA:0,(anonymous_5)
FNDA:0,(anonymous_6)
FNDA:0,(anonymous_7)
DA:13,0
DA:15,0
DA:16,0
DA:21,0
DA:36,0
DA:38,0
DA:39,0
DA:40,0
DA:42,0
DA:55,0
DA:58,0
DA:60,0
DA:61,0
DA:65,0
DA:67,0
DA:69,0
DA:71,0
DA:79,0
DA:80,0
DA:90,0
DA:91,0
DA:92,0
DA:102,0
DA:103,0
DA:108,0
DA:110,0
DA:111,0
DA:114,0
DA:122,0
DA:123,0
DA:124,0
DA:127,0
DA:128,0
DA:133,0
DA:145,0
DA:146,0
DA:147,0
DA:148,0
LF:38
LH:0
BRDA:12,0,0,0
BRDA:15,1,0,0
BRDA:48,2,0,0
BRDA:48,2,1,0
BRDA:67,3,0,0
BRDA:67,4,0,0
BRDA:67,4,1,0
BRDA:102,5,0,0
BRDA:122,6,0,0
BRDA:123,7,0,0
BRDA:123,7,1,0
BRDA:127,8,0,0
BRDA:135,9,0,0
BRDA:135,9,1,0
BRDA:146,10,0,0
BRDA:147,11,0,0
BRF:16
BRH:0
end_of_record
TN:
SF:src/handleStorage.ts
FN:41,(anonymous_0)
FN:42,(anonymous_1)
FN:45,(anonymous_2)
FN:52,(anonymous_3)
FN:53,(anonymous_4)
FN:58,(anonymous_5)
FN:59,(anonymous_6)
FN:60,(anonymous_7)
FN:61,(anonymous_8)
FN:62,(anonymous_9)
FN:71,(anonymous_10)
FN:93,(anonymous_11)
FN:98,(anonymous_12)
FN:100,(anonymous_13)
FN:101,(anonymous_14)
FN:144,(anonymous_15)
FN:152,(anonymous_16)
FN:161,(anonymous_17)
FNF:18
FNH:0
FNDA:0,(anonymous_0)
FNDA:0,(anonymous_1)
FNDA:0,(anonymous_2)
FNDA:0,(anonymous_3)
FNDA:0,(anonymous_4)
FNDA:0,(anonymous_5)
FNDA:0,(anonymous_6)
FNDA:0,(anonymous_7)
FNDA:0,(anonymous_8)
FNDA:0,(anonymous_9)
FNDA:0,(anonymous_10)
FNDA:0,(anonymous_11)
FNDA:0,(anonymous_12)
FNDA:0,(anonymous_13)
FNDA:0,(anonymous_14)
FNDA:0,(anonymous_15)
FNDA:0,(anonymous_16)
FNDA:0,(anonymous_17)
DA:32,0
DA:33,0
DA:34,0
DA:42,0
DA:43,0
DA:45,0
DA:46,0
DA:47,0
DA:48,0
DA:52,0
DA:53,0
DA:59,0
DA:60,0
DA:61,0
DA:62,0
DA:72,0
DA:73,0
DA:74,0
DA:76,0
DA:77,0
DA:86,0
DA:89,0
DA:94,0
DA:95,0
DA:96,0
DA:98,0
DA:99,0
DA:100,0
DA:101,0
DA:104,0
DA:106,0
DA:108,0
DA:109,0
DA:118,0
DA:121,0
DA:122,0
DA:123,0
DA:126,0
DA:127,0
DA:129,0
DA:130,0
DA:137,0
DA:140,0
DA:145,0
DA:146,0
DA:147,0
DA:148,0
DA:153,0
DA:154,0
DA:155,0
DA:156,0
DA:157,0
DA:162,0
DA:164,0
DA:165,0
DA:166,0
DA:167,0
DA:170,0
DA:171,0
DA:174,0
DA:175,0
DA:176,0
DA:178,0
DA:179,0
DA:180,0
DA:181,0
DA:191,0
DA:195,0
LF:68
LH:0
BRDA:47,0,0,0
BRDA:80,1,0,0
BRDA:80,1,1,0
BRDA:82,2,0,0
BRDA:82,2,1,0
BRDA:83,3,0,0
BRDA:83,3,1,0
BRDA:84,4,0,0
BRDA:84,4,1,0
BRDA:118,5,0,0
BRDA:121,6,0,0
BRDA:126,7,0,0
BRDA:126,7,1,0
BRDA:165,8,0,0
BRDA:174,9,0,0
BRDA:183,10,0,0
BRDA:183,10,1,0
BRDA:184,11,0,0
BRDA:184,11,1,0
BRF:19
BRH:0
end_of_record
TN:
SF:src/main.ts
FN:21,(anonymous_0)
FN:29,(anonymous_1)
FN:40,(anonymous_2)
FN:48,(anonymous_3)
FN:51,(anonymous_4)
FN:57,(anonymous_5)
FN:63,(anonymous_6)
FN:78,(anonymous_7)
FN:111,(anonymous_8)
FN:123,(anonymous_9)
FN:149,(anonymous_10)
FN:162,(anonymous_11)
FN:180,(anonymous_12)
FN:187,(anonymous_13)
FN:213,(anonymous_14)
FN:219,(anonymous_15)
FN:228,(anonymous_16)
FN:230,(anonymous_17)
FN:260,(anonymous_18)
FN:262,(anonymous_19)
FN:276,(anonymous_20)
FN:313,(anonymous_21)
FN:315,(anonymous_22)
FN:326,(anonymous_23)
FN:340,(anonymous_24)
FN:377,(anonymous_25)
FN:391,(anonymous_26)
FN:417,(anonymous_27)
FN:438,(anonymous_28)
FN:494,(anonymous_29)
FN:509,(anonymous_30)
FN:518,(anonymous_31)
FN:547,(anonymous_32)
FN:559,(anonymous_33)
FN:577,(anonymous_34)
FNF:35
FNH:0
FNDA:0,(anonymous_0)
FNDA:0,(anonymous_1)
FNDA:0,(anonymous_2)
FNDA:0,(anonymous_3)
FNDA:0,(anonymous_4)
FNDA:0,(anonymous_5)
FNDA:0,(anonymous_6)
FNDA:0,(anonymous_7)
FNDA:0,(anonymous_8)
FNDA:0,(anonymous_9)
FNDA:0,(anonymous_10)
FNDA:0,(anonymous_11)
FNDA:0,(anonymous_12)
FNDA:0,(anonymous_13)
FNDA:0,(anonymous_14)
FNDA:0,(anonymous_15)
FNDA:0,(anonymous_16)
FNDA:0,(anonymous_17)
FNDA:0,(anonymous_18)
FNDA:0,(anonymous_19)
FNDA:0,(anonymous_20)
FNDA:0,(anonymous_21)
FNDA:0,(anonymous_22)
FNDA:0,(anonymous_23)
FNDA:0,(anonymous_24)
FNDA:0,(anonymous_25)
FNDA:0,(anonymous_26)
FNDA:0,(anonymous_27)
FNDA:0,(anonymous_28)
FNDA:0,(anonymous_29)
FNDA:0,(anonymous_30)
FNDA:0,(anonymous_31)
FNDA:0,(anonymous_32)
FNDA:0,(anonymous_33)
FNDA:0,(anonymous_34)
DA:19,0
DA:22,0
DA:23,0
DA:24,0
DA:26,0
DA:29,0
DA:30,0
DA:31,0
DA:41,0
DA:42,0
DA:49,0
DA:50,0
DA:51,0
DA:52,0
DA:57,0
DA:58,0
DA:59,0
DA:62,0
DA:63,0
DA:65,0
DA:66,0
DA:68,0
DA:72,0
DA:73,0
DA:74,0
DA:78,0
DA:79,0
DA:81,0
DA:82,0
DA:83,0
DA:84,0
DA:86,0
DA:87,0
DA:88,0
DA:89,0
DA:91,0
DA:92,0
DA:93,0
DA:94,0
DA:96,0
DA:100,0
DA:101,0
DA:102,0
DA:112,0
DA:113,0
DA:124,0
DA:125,0
DA:127,0
DA:129,0
DA:130,0
DA:131,0
DA:135,0
DA:136,0
DA:140,0
DA:143,0
DA:145,0
DA:146,0
DA:149,0
DA:150,0
DA:152,0
DA:153,0
DA:155,0
DA:163,0
DA:164,0
DA:165,0
DA:168,0
DA:170,0
DA:171,0
DA:173,0
DA:181,0
DA:182,0
DA:184,0
DA:185,0
DA:187,0
DA:188,0
DA:189,0
DA:192,0
DA:193,0
DA:198,0
DA:202,0
DA:205,0
DA:206,0
DA:207,0
DA:214,0
DA:215,0
DA:217,0
DA:219,0
DA:220,0
DA:221,0
DA:229,0
DA:230,0
DA:231,0
DA:232,0
DA:235,0
DA:236,0
DA:240,0
DA:241,0
DA:244,0
DA:247,0
DA:250,0
DA:252,0
DA:253,0
DA:261,0
DA:262,0
DA:263,0
DA:264,0
DA:267,0
DA:270,0
DA:273,0
DA:276,0
DA:277,0
DA:278,0
DA:282,0
DA:285,0
DA:287,0
DA:290,0
DA:292,0
DA:293,0
DA:296,0
DA:297,0
DA:298,0
DA:299,0
DA:300,0
DA:301,0
DA:303,0
DA:314,0
DA:315,0
DA:316,0
DA:317,0
DA:320,0
DA:323,0
DA:326,0
DA:328,0
DA:329,0
DA:330,0
DA:333,0
DA:337,0
DA:340,0
DA:341,0
DA:342,0
DA:346,0
DA:349,0
DA:351,0
DA:354,0
DA:358,0
DA:359,0
DA:361,0
DA:363,0
DA:367,0
DA:379,0
DA:380,0
DA:382,0
DA:383,0
DA:389,0
DA:392,0
DA:397,0
DA:399,0
DA:400,0
DA:401,0
DA:404,0
DA:405,0
DA:406,0
DA:408,0
DA:409,0
DA:411,0
DA:412,0
DA:416,0
DA:417,0
DA:419,0
DA:420,0
DA:422,0
DA:426,0
DA:427,0
DA:428,0
DA:431,0
DA:432,0
DA:438,0
DA:439,0
DA:441,0
DA:442,0
DA:445,0
DA:446,0
DA:450,0
DA:454,0
DA:457,0
DA:460,0
DA:465,0
DA:476,0
DA:477,0
DA:478,0
DA:479,0
DA:484,0
DA:485,0
DA:488,0
DA:489,0
DA:490,0
DA:491,0
DA:494,0
DA:495,0
DA:500,0
DA:502,0
DA:510,0
DA:511,0
DA:512,0
DA:513,0
DA:517,0
DA:518,0
DA:522,0
DA:523,0
DA:525,0
DA:529,0
DA:533,0
DA:534,0
DA:537,0
DA:539,0
DA:540,0
DA:548,0
DA:560,0
DA:562,0
DA:564,0
DA:577,0
DA:578,0
LF:222
LH:0
BRDA:50,0,0,0
BRDA:65,1,0,0
BRDA:65,1,1,0
BRDA:81,2,0,0
BRDA:81,2,1,0
BRDA:83,3,0,0
BRDA:86,4,0,0
BRDA:86,4,1,0
BRDA:88,5,0,0
BRDA:91,6,0,0
BRDA:91,6,1,0
BRDA:93,7,0,0
BRDA:96,8,0,0
BRDA:97,9,0,0
BRDA:97,9,1,0
BRDA:101,10,0,0
BRDA:112,11,0,0
BRDA:129,12,0,0
BRDA:152,13,0,0
BRDA:152,13,1,0
BRDA:170,14,0,0
BRDA:170,14,1,0
BRDA:182,15,0,0
BRDA:192,16,0,0
BRDA:192,16,1,0
BRDA:198,17,0,0
BRDA:198,17,1,0
BRDA:215,18,0,0
BRDA:231,19,0,0
BRDA:240,20,0,0
BRDA:252,21,0,0
BRDA:252,21,1,0
BRDA:263,22,0,0
BRDA:277,23,0,0
BRDA:293,24,0,0
BRDA:293,24,1,0
BRDA:296,25,0,0
BRDA:296,25,1,0
BRDA:298,26,0,0
BRDA:298,26,1,0
BRDA:300,27,0,0
BRDA:300,27,1,0
BRDA:316,28,0,0
BRDA:328,29,0,0
BRDA:341,30,0,0
BRDA:359,31,0,0
BRDA:359,31,1,0
BRDA:361,32,0,0
BRDA:361,32,1,0
BRDA:361,33,0,0
BRDA:361,33,1,0
BRDA:382,34,0,0
BRDA:382,34,1,0
BRDA:405,35,0,0
BRDA:408,36,0,0
BRDA:411,37,0,0
BRDA:411,38,0,0
BRDA:411,38,1,0
BRDA:419,39,0,0
BRDA:419,39,1,0
BRDA:431,40,0,0
BRDA:441,41,0,0
BRDA:445,42,0,0
BRDA:450,43,0,0
BRDA:451,44,0,0
BRDA:451,44,1,0
BRDA:478,45,0,0
BRDA:512,46,0,0
BRDA:539,47,0,0
BRDA:539,47,1,0
BRF:70
BRH:0
end_of_record
TN:
SF:src/parsers.ts
FN:15,(anonymous_0)
FN:27,(anonymous_1)
FN:38,(anonymous_2)
FN:47,(anonymous_3)
FN:57,(anonymous_4)
FN:77,(anonymous_5)
FN:87,(anonymous_6)
FN:94,(anonymous_7)
FN:114,(anonymous_8)
FN:135,(anonymous_9)
FN:155,(anonymous_10)
FN:175,(anonymous_11)
FN:185,(anonymous_12)
FN:206,(anonymous_13)
FN:217,(anonymous_14)
FN:201,(anonymous_15)
FN:202,(anonymous_16)
FN:203,(anonymous_17)
FNF:18
FNH:0
FNDA:0,(anonymous_0)
FNDA:0,(anonymous_1)
FNDA:0,(anonymous_2)
FNDA:0,(anonymous_3)
FNDA:0,(anonymous_4)
FNDA:0,(anonymous_5)
FNDA:0,(anonymous_6)
FNDA:0,(anonymous_7)
FNDA:0,(anonymous_8)
FNDA:0,(anonymous_9)
FNDA:0,(anonymous_10)
FNDA:0,(anonymous_11)
FNDA:0,(anonymous_12)
FNDA:0,(anonymous_13)
FNDA:0,(anonymous_14)
FNDA:0,(anonymous_15)
FNDA:0,(anonymous_16)
FNDA:0,(anonymous_17)
DA:16,0
DA:17,0
DA:28,0
DA:30,0
DA:31,0
DA:33,0
DA:34,0
DA:39,0
DA:40,0
DA:42,0
DA:43,0
DA:48,0
DA:58,0
DA:60,0
DA:61,0
DA:62,0
DA:65,0
DA:66,0
DA:67,0
DA:70,0
DA:72,0
DA:73,0
DA:78,0
DA:79,0
DA:80,0
DA:82,0
DA:83,0
DA:88,0
DA:95,0
DA:98,0
DA:99,0
DA:100,0
DA:101,0
DA:102,0
DA:107,0
DA:108,0
DA:110,0
DA:111,0
DA:114,0
DA:115,0
DA:116,0
DA:118,0
DA:120,0
DA:121,0
DA:123,0
DA:125,0
DA:129,0
DA:136,0
DA:137,0
DA:140,0
DA:141,0
DA:144,0
DA:145,0
DA:146,0
DA:151,0
DA:152,0
DA:154,0
DA:155,0
DA:156,0
DA:159,0
DA:163,0
DA:164,0
DA:166,0
DA:169,0
DA:176,0
DA:177,0
DA:178,0
DA:179,0
DA:186,0
DA:200,0
DA:201,0
DA:202,0
DA:203,0
DA:207,0
DA:208,0
DA:209,0
DA:211,0
DA:218,0
LF:78
LH:0
BRDA:16,0,0,0
BRDA:16,1,0,0
BRDA:16,1,1,0
BRDA:33,2,0,0
BRDA:33,2,1,0
BRDA:42,3,0,0
BRDA:42,3,1,0
BRDA:66,4,0,0
BRDA:72,5,0,0
BRDA:72,5,1,0
BRDA:82,6,0,0
BRDA:82,6,1,0
BRDA:98,7,0,0
BRDA:108,8,0,0
BRDA:110,9,0,0
BRDA:110,9,1,0
BRDA:118,10,0,0
BRDA:118,10,1,0
BRDA:120,11,0,0
BRDA:136,12,0,0
BRDA:136,13,0,0
BRDA:136,13,1,0
BRDA:144,14,0,0
BRDA:152,15,0,0
BRDA:154,16,0,0
BRDA:154,16,1,0
BRDA:163,17,0,0
BRDA:163,17,1,0
BRDA:176,18,0,0
BRDA:177,19,0,0
BRDA:178,20,0,0
BRDA:178,21,0,0
BRDA:178,21,1,0
BRDA:208,22,0,0
BRF:34
BRH:0
end_of_record
TN:
SF:src/permissionManager.ts
FN:15,(anonymous_0)
FN:91,(anonymous_1)
FN:129,(anonymous_2)
FN:177,(anonymous_3)
FN:200,(anonymous_4)
FN:205,(anonymous_5)
FNF:6
FNH:0
FNDA:0,(anonymous_0)
FNDA:0,(anonymous_1)
FNDA:0,(anonymous_2)
FNDA:0,(anonymous_3)
FNDA:0,(anonymous_4)
FNDA:0,(anonymous_5)
DA:22,0
DA:23,0
DA:26,0
DA:27,0
DA:29,0
DA:30,0
DA:32,0
DA:33,0
DA:34,0
DA:36,0
DA:38,0
DA:41,0
DA:43,0
DA:47,0
DA:51,0
DA:53,0
DA:54,0
DA:55,0
DA:57,0
DA:61,0
DA:62,0
DA:66,0
DA:67,0
DA:68,0
DA:70,0
DA:74,0
DA:76,0
DA:85,0
DA:95,0
DA:96,0
DA:99,0
DA:102,0
DA:104,0
DA:108,0
DA:112,0
DA:116,0
DA:118,0
DA:120,0
DA:121,0
DA:124,0
DA:125,0
DA:126,0
DA:129,0
DA:133,0
DA:139,0
DA:142,0
DA:145,0
DA:148,0
DA:152,0
DA:155,0
DA:158,0
DA:159,0
DA:161,0
DA:162,0
DA:166,0
DA:170,0
DA:181,0
DA:184,0
DA:185,0
DA:186,0
DA:187,0
DA:189,0
DA:190,0
DA:191,0
DA:196,0
DA:200,0
DA:202,0
DA:205,0
DA:208,0
DA:209,0
LF:70
LH:0
BRDA:22,0,0,0
BRDA:30,1,0,0
BRDA:43,2,0,0
BRDA:43,2,1,0
BRDA:44,3,0,0
BRDA:44,3,1,0
BRDA:51,4,0,0
BRDA:51,4,1,0
BRDA:95,5,0,0
BRDA:104,6,0,0
BRDA:104,6,1,0
BRDA:105,7,0,0
BRDA:105,7,1,0
BRDA:118,8,0,0
BRDA:118,8,1,0
BRDA:125,9,0,0
BRDA:159,10,0,0
BRDA:159,10,1,0
BRDA:161,11,0,0
BRDA:161,11,1,0
BRDA:161,12,0,0
BRDA:161,12,1,0
BRDA:181,13,0,0
BRDA:185,14,0,0
BRDA:190,15,0,0
BRDA:190,15,1,0
BRDA:190,16,0,0
BRDA:190,16,1,0
BRF:28
BRH:0
end_of_record
TN:
SF:src/persistence.ts
FN:14,(anonymous_0)
FN:59,(anonymous_1)
FN:73,(anonymous_2)
FN:84,(anonymous_3)
FN:103,(anonymous_4)
FN:124,(anonymous_5)
FN:148,(anonymous_6)
FN:154,(anonymous_7)
FN:170,(anonymous_8)
FNF:9
FNH:0
FNDA:0,(anonymous_0)
FNDA:0,(anonymous_1)
FNDA:0,(anonymous_2)
FNDA:0,(anonymous_3)
FNDA:0,(anonymous_4)
FNDA:0,(anonymous_5)
FNDA:0,(anonymous_6)
FNDA:0,(anonymous_7)
FNDA:0,(anonymous_8)
DA:18,0
DA:20,0
DA:23,0
DA:26,0
DA:28,0
DA:30,0
DA:31,0
DA:32,0
DA:35,0
DA:43,0
DA:44,0
DA:46,0
DA:48,0
DA:49,0
DA:52,0
DA:63,0
DA:64,0
DA:67,0
DA:68,0
DA:72,0
DA:73,0
DA:74,0
DA:75,0
DA:76,0
DA:77,0
DA:81,0
DA:84,0
DA:85,0
DA:86,0
DA:87,0
DA:88,0
DA:89,0
DA:92,0
DA:93,0
DA:97,0
DA:104,0
DA:105,0
DA:108,0
DA:109,0
DA:110,0
DA:111,0
DA:113,0
DA:117,0
DA:118,0
DA:126,0
DA:128,0
DA:129,0
DA:130,0
DA:133,0
DA:134,0
DA:138,0
DA:142,0
DA:149,0
DA:150,0
DA:153,0
DA:154,0
DA:157,0
DA:158,0
DA:159,0
DA:160,0
DA:164,0
DA:175,0
DA:177,0
DA:193,0
DA:194,0
DA:195,0
DA:197,0
DA:198,0
DA:200,0
LF:69
LH:0
BRDA:28,0,0,0
BRDA:28,0,1,0
BRDA:48,1,0,0
BRDA:48,1,1,0
BRDA:92,2,0,0
BRDA:92,2,1,0
BRDA:110,3,0,0
BRDA:110,4,0,0
BRDA:110,4,1,0
BRDA:126,5,0,0
BRDA:128,6,0,0
BRDA:130,7,0,0
BRDA:130,7,1,0
BRDA:133,8,0,0
BRDA:134,9,0,0
BRDA:134,9,1,0
BRDA:149,10,0,0
BRDA:149,11,0,0
BRDA:149,11,1,0
BRDA:153,12,0,0
BRDA:159,13,0,0
BRDA:183,14,0,0
BRDA:183,14,1,0
BRDA:185,15,0,0
BRDA:185,15,1,0
BRDA:197,16,0,0
BRDA:197,17,0,0
BRDA:197,17,1,0
BRF:28
BRH:0
end_of_record
TN:
SF:src/renderer.ts
FN:12,(anonymous_0)
FN:38,(anonymous_1)
FN:59,(anonymous_2)
FN:69,(anonymous_3)
FN:91,(anonymous_4)
FN:173,(anonymous_5)
FN:198,(anonymous_6)
FN:224,(anonymous_7)
FN:247,(anonymous_8)
FN:275,(anonymous_9)
FN:306,(anonymous_10)
FN:333,(anonymous_11)
FN:357,(anonymous_12)
FN:367,(anonymous_13)
FN:404,(anonymous_14)
FN:428,(anonymous_15)
FN:431,(anonymous_16)
FN:439,(anonymous_17)
FN:468,(anonymous_18)
FN:469,(anonymous_19)
FN:502,(anonymous_20)
FN:530,(anonymous_21)
FN:538,(anonymous_22)
FNF:23
FNH:0
FNDA:0,(anonymous_0)
FNDA:0,(anonymous_1)
FNDA:0,(anonymous_2)
FNDA:0,(anonymous_3)
FNDA:0,(anonymous_4)
FNDA:0,(anonymous_5)
FNDA:0,(anonymous_6)
FNDA:0,(anonymous_7)
FNDA:0,(anonymous_8)
FNDA:0,(anonymous_9)
FNDA:0,(anonymous_10)
FNDA:0,(anonymous_11)
FNDA:0,(anonymous_12)
FNDA:0,(anonymous_13)
FNDA:0,(anonymous_14)
FNDA:0,(anonymous_15)
FNDA:0,(anonymous_16)
FNDA:0,(anonymous_17)
FNDA:0,(anonymous_18)
FNDA:0,(anonymous_19)
FNDA:0,(anonymous_20)
FNDA:0,(anonymous_21)
FNDA:0,(anonymous_22)
DA:13,0
DA:14,0
DA:15,0
DA:18,0
DA:19,0
DA:22,0
DA:28,0
DA:31,0
DA:32,0
DA:36,0
DA:37,0
DA:38,0
DA:40,0
DA:41,0
DA:42,0
DA:44,0
DA:45,0
DA:48,0
DA:51,0
DA:54,0
DA:55,0
DA:59,0
DA:60,0
DA:63,0
DA:70,0
DA:71,0
DA:73,0
DA:74,0
DA:75,0
DA:76,0
DA:82,0
DA:85,0
DA:92,0
DA:93,0
DA:96,0
DA:97,0
DA:99,0
DA:100,0
DA:101,0
DA:104,0
DA:105,0
DA:108,0
DA:110,0
DA:111,0
DA:113,0
DA:117,0
DA:120,0
DA:123,0
DA:124,0
DA:126,0
DA:127,0
DA:128,0
DA:130,0
DA:131,0
DA:132,0
DA:133,0
DA:134,0
DA:135,0
DA:138,0
DA:139,0
DA:141,0
DA:143,0
DA:144,0
DA:145,0
DA:146,0
DA:147,0
DA:148,0
DA:149,0
DA:152,0
DA:153,0
DA:154,0
DA:155,0
DA:156,0
DA:157,0
DA:158,0
DA:161,0
DA:163,0
DA:164,0
DA:165,0
DA:167,0
DA:174,0
DA:175,0
DA:176,0
DA:178,0
DA:179,0
DA:180,0
DA:181,0
DA:182,0
DA:185,0
DA:186,0
DA:187,0
DA:189,0
DA:190,0
DA:192,0
DA:204,0
DA:205,0
DA:207,0
DA:209,0
DA:211,0
DA:213,0
DA:215,0
DA:217,0
DA:225,0
DA:226,0
DA:228,0
DA:229,0
DA:230,0
DA:232,0
DA:233,0
DA:234,0
DA:235,0
DA:236,0
DA:238,0
DA:239,0
DA:241,0
DA:252,0
DA:253,0
DA:255,0
DA:256,0
DA:257,0
DA:259,0
DA:260,0
DA:261,0
DA:262,0
DA:263,0
DA:264,0
DA:266,0
DA:267,0
DA:269,0
DA:280,0
DA:281,0
DA:283,0
DA:284,0
DA:286,0
DA:287,0
DA:288,0
DA:289,0
DA:290,0
DA:292,0
DA:293,0
DA:294,0
DA:296,0
DA:297,0
DA:298,0
DA:300,0
DA:311,0
DA:312,0
DA:314,0
DA:315,0
DA:316,0
DA:318,0
DA:319,0
DA:321,0
DA:322,0
DA:324,0
DA:325,0
DA:327,0
DA:334,0
DA:335,0
DA:337,0
DA:338,0
DA:339,0
DA:341,0
DA:342,0
DA:343,0
DA:344,0
DA:345,0
DA:346,0
DA:348,0
DA:349,0
DA:351,0
DA:358,0
DA:359,0
DA:360,0
DA:361,0
DA:368,0
DA:369,0
DA:371,0
DA:372,0
DA:373,0
DA:375,0
DA:376,0
DA:378,0
DA:379,0
DA:380,0
DA:382,0
DA:383,0
DA:384,0
DA:386,0
DA:387,0
DA:388,0
DA:391,0
DA:392,0
DA:393,0
DA:395,0
DA:396,0
DA:398,0
DA:405,0
DA:406,0
DA:409,0
DA:410,0
DA:413,0
DA:415,0
DA:417,0
DA:419,0
DA:421,0
DA:429,0
DA:431,0
DA:441,0
DA:442,0
DA:443,0
DA:444,0
DA:448,0
DA:451,0
DA:452,0
DA:453,0
DA:456,0
DA:457,0
DA:458,0
DA:459,0
DA:460,0
DA:461,0
DA:462,0
DA:464,0
DA:467,0
DA:469,0
DA:470,0
DA:476,0
DA:478,0
DA:479,0
DA:482,0
DA:483,0
DA:493,0
DA:496,0
DA:506,0
DA:509,0
DA:510,0
DA:511,0
DA:512,0
DA:516,0
DA:519,0
DA:521,0
DA:531,0
DA:534,0
DA:538,0
DA:539,0
DA:542,0
LF:247
LH:0
BRDA:22,0,0,0
BRDA:23,1,0,0
BRDA:23,1,1,0
BRDA:23,1,2,0
BRDA:44,2,0,0
BRDA:44,2,1,0
BRDA:74,3,0,0
BRDA:74,3,1,0
BRDA:108,4,0,0
BRDA:108,4,1,0
BRDA:108,5,0,0
BRDA:108,5,1,0
BRDA:111,6,0,0
BRDA:111,6,1,0
BRDA:117,7,0,0
BRDA:117,7,1,0
BRDA:117,8,0,0
BRDA:117,8,1,0
BRDA:141,9,0,0
BRDA:141,9,1,0
BRDA:207,10,0,0
BRDA:207,10,1,0
BRDA:207,10,2,0
BRDA:207,10,3,0
BRDA:207,10,4,0
BRDA:236,11,0,0
BRDA:236,11,1,0
BRDA:263,12,0,0
BRDA:263,12,1,0
BRDA:405,13,0,0
BRDA:405,14,0,0
BRDA:405,14,1,0
BRDA:409,15,0,0
BRDA:413,16,0,0
BRDA:413,16,1,0
BRDA:413,16,2,0
BRDA:413,16,3,0
BRDA:442,17,0,0
BRDA:451,18,0,0
BRDA:476,19,0,0
BRDA:476,19,1,0
BRDA:510,20,0,0
BRF:42
BRH:0
end_of_record
TN:
SF:src/ui/notifications.ts
FN:25,(anonymous_0)
FN:45,(anonymous_1)
FN:52,(anonymous_2)
FN:59,(anonymous_3)
FN:66,(anonymous_4)
FN:73,(anonymous_5)
FN:80,(anonymous_6)
FN:98,(anonymous_7)
FN:108,(anonymous_8)
FN:126,(anonymous_9)
FN:133,(anonymous_10)
FN:159,(anonymous_11)
FN:168,(anonymous_12)
FN:182,(anonymous_13)
FN:184,(anonymous_14)
FN:194,(anonymous_15)
FN:196,(anonymous_16)
FN:202,(anonymous_17)
FN:215,(anonymous_18)
FN:348,(anonymous_19)
FN:357,(anonymous_20)
FN:366,(anonymous_21)
FN:375,(anonymous_22)
FN:384,(anonymous_23)
FN:391,(anonymous_24)
FN:404,(anonymous_25)
FN:420,(anonymous_26)
FN:427,(anonymous_27)
FN:438,(anonymous_28)
FN:444,(anonymous_29)
FN:509,(anonymous_30)
FN:514,(anonymous_31)
FN:525,(anonymous_32)
FNF:33
FNH:0
FNDA:0,(anonymous_0)
FNDA:0,(anonymous_1)
FNDA:0,(anonymous_2)
FNDA:0,(anonymous_3)
FNDA:0,(anonymous_4)
FNDA:0,(anonymous_5)
FNDA:0,(anonymous_6)
FNDA:0,(anonymous_7)
FNDA:0,(anonymous_8)
FNDA:0,(anonymous_9)
FNDA:0,(anonymous_10)
FNDA:0,(anonymous_11)
FNDA:0,(anonymous_12)
FNDA:0,(anonymous_13)
FNDA:0,(anonymous_14)
FNDA:0,(anonymous_15)
FNDA:0,(anonymous_16)
FNDA:0,(anonymous_17)
FNDA:0,(anonymous_18)
FNDA:0,(anonymous_19)
FNDA:0,(anonymous_20)
FNDA:0,(anonymous_21)
FNDA:0,(anonymous_22)
FNDA:0,(anonymous_23)
FNDA:0,(anonymous_24)
FNDA:0,(anonymous_25)
FNDA:0,(anonymous_26)
FNDA:0,(anonymous_27)
FNDA:0,(anonymous_28)
FNDA:0,(anonymous_29)
FNDA:0,(anonymous_30)
FNDA:0,(anonymous_31)
FNDA:0,(anonymous_32)
DA:19,0
DA:20,0
DA:34,0
DA:37,0
DA:39,0
DA:40,0
DA:41,0
DA:44,0
DA:45,0
DA:53,0
DA:60,0
DA:67,0
DA:74,0
DA:84,0
DA:85,0
DA:86,0
DA:99,0
DA:100,0
DA:101,0
DA:112,0
DA:113,0
DA:114,0
DA:127,0
DA:138,0
DA:139,0
DA:142,0
DA:144,0
DA:157,0
DA:158,0
DA:159,0
DA:162,0
DA:169,0
DA:171,0
DA:183,0
DA:184,0
DA:185,0
DA:186,0
DA:195,0
DA:196,0
DA:203,0
DA:209,0
DA:216,0
DA:218,0
DA:219,0
DA:220,0
DA:336,0
DA:349,0
DA:358,0
DA:367,0
DA:376,0
DA:385,0
DA:392,0
DA:393,0
DA:397,0
DA:408,0
DA:409,0
DA:421,0
DA:428,0
DA:443,0
DA:444,0
DA:445,0
DA:447,0
DA:450,0
DA:452,0
DA:453,0
DA:454,0
DA:457,0
DA:461,0
DA:464,0
DA:465,0
DA:468,0
DA:469,0
DA:470,0
DA:473,0
DA:474,0
DA:477,0
DA:478,0
DA:479,0
DA:481,0
DA:482,0
DA:483,0
DA:488,0
DA:489,0
DA:490,0
DA:491,0
DA:493,0
DA:494,0
DA:495,0
DA:496,0
DA:499,0
DA:500,0
DA:501,0
DA:502,0
DA:503,0
DA:506,0
DA:509,0
DA:510,0
DA:511,0
DA:514,0
DA:515,0
DA:519,0
DA:526,0
DA:528,0
DA:529,0
DA:530,0
DA:616,0
LF:106
LH:0
BRDA:27,0,0,0
BRDA:28,1,0,0
BRDA:31,2,0,0
BRDA:32,3,0,0
BRDA:33,4,0,0
BRDA:44,5,0,0
BRDA:82,6,0,0
BRDA:85,7,0,0
BRDA:98,8,0,0
BRDA:100,9,0,0
BRDA:100,10,0,0
BRDA:100,10,1,0
BRDA:110,11,0,0
BRDA:113,12,0,0
BRDA:149,13,0,0
BRDA:149,13,1,0
BRDA:157,14,0,0
BRDA:185,15,0,0
BRDA:209,16,0,0
BRDA:209,16,1,0
BRDA:216,17,0,0
BRDA:392,18,0,0
BRDA:392,18,1,0
BRDA:394,19,0,0
BRDA:394,19,1,0
BRDA:408,20,0,0
BRDA:443,21,0,0
BRDA:453,22,0,0
BRDA:464,23,0,0
BRDA:526,24,0,0
BRF:30
BRH:0
end_of_record
